# JRE version: Java(TM) SE Runtime Environment (8.0_181-b13) (build 1.8.0_181-b13)
# Java VM: Java HotSpot(TM) 64-Bit Server VM (25.181-b13 mixed mode windows-amd64 compressed oops)
Heap:
 PSYoungGen      total 294400K, used 166464K [0x000000076af80000, 0x000000077e580000, 0x00000007c0000000)
  eden space 278528K, 54% used [0x000000076af80000,0x00000007742ce8b8,0x000000077bf80000)
  from space 15872K, 98% used [0x000000077d600000,0x000000077e541970,0x000000077e580000)
  to   space 18944K, 0% used [0x000000077c080000,0x000000077c080000,0x000000077d300000)
 ParOldGen       total 152576K, used 18409K [0x00000006c0e00000, 0x00000006ca300000, 0x000000076af80000)
  object space 152576K, 12% used [0x00000006c0e00000,0x00000006c1ffa670,0x00000006ca300000)
 Metaspace       used 41933K, capacity 42618K, committed 43048K, reserved 1087488K
  class space    used 5201K, capacity 5354K, committed 5416K, reserved 1048576K
GC Heap History (10 events):
Event: 5.623 GC heap before
{Heap before GC invocations=8 (full 1):
 PSYoungGen      total 157184K, used 153022K [0x000000076af80000, 0x0000000777d80000, 0x00000007c0000000)
  eden space 141824K, 100% used [0x000000076af80000,0x0000000773a00000,0x0000000773a00000)
  from space 15360K, 72% used [0x0000000774980000,0x000000077546f8b8,0x0000000775880000)
  to   space 15872K, 0% used [0x0000000773a00000,0x0000000773a00000,0x0000000774980000)
 ParOldGen       total 112640K, used 11512K [0x00000006c0e00000, 0x00000006c7c00000, 0x000000076af80000)
  object space 112640K, 10% used [0x00000006c0e00000,0x00000006c193e3d8,0x00000006c7c00000)
 Metaspace       used 34384K, capacity 35018K, committed 35456K, reserved 1081344K
  class space    used 4320K, capacity 4454K, committed 4480K, reserved 1048576K
Event: 5.635 GC heap after
Heap after GC invocations=8 (full 1):
 PSYoungGen      total 157696K, used 15857K [0x000000076af80000, 0x0000000779d00000, 0x00000007c0000000)
  eden space 141824K, 0% used [0x000000076af80000,0x000000076af80000,0x0000000773a00000)
  from space 15872K, 99% used [0x0000000773a00000,0x000000077497c7a8,0x0000000774980000)
  to   space 18944K, 0% used [0x0000000778a80000,0x0000000778a80000,0x0000000779d00000)
 ParOldGen       total 112640K, used 13646K [0x00000006c0e00000, 0x00000006c7c00000, 0x000000076af80000)
  object space 112640K, 12% used [0x00000006c0e00000,0x00000006c1b53b18,0x00000006c7c00000)
 Metaspace       used 34384K, capacity 35018K, committed 35456K, reserved 1081344K
  class space    used 4320K, capacity 4454K, committed 4480K, reserved 1048576K
}
Event: 5.700 GC heap before
{Heap before GC invocations=9 (full 1):
 PSYoungGen      total 157696K, used 21193K [0x000000076af80000, 0x0000000779d00000, 0x00000007c0000000)
  eden space 141824K, 3% used [0x000000076af80000,0x000000076b4b5ef8,0x0000000773a00000)
  from space 15872K, 99% used [0x0000000773a00000,0x000000077497c7a8,0x0000000774980000)
  to   space 18944K, 0% used [0x0000000778a80000,0x0000000778a80000,0x0000000779d00000)
 ParOldGen       total 112640K, used 13646K [0x00000006c0e00000, 0x00000006c7c00000, 0x000000076af80000)
  object space 112640K, 12% used [0x00000006c0e00000,0x00000006c1b53b18,0x00000006c7c00000)
 Metaspace       used 34680K, capacity 35242K, committed 35496K, reserved 1081344K
  class space    used 4367K, capacity 4486K, committed 4520K, reserved 1048576K
Event: 5.709 GC heap after
Heap after GC invocations=9 (full 1):
 PSYoungGen      total 224768K, used 9543K [0x000000076af80000, 0x000000077c100000, 0x00000007c0000000)
  eden space 205824K, 0% used [0x000000076af80000,0x000000076af80000,0x0000000777880000)
  from space 18944K, 50% used [0x0000000778a80000,0x00000007793d1d18,0x0000000779d00000)
  to   space 18432K, 0% used [0x0000000777880000,0x0000000777880000,0x0000000778a80000)
 ParOldGen       total 112640K, used 13654K [0x00000006c0e00000, 0x00000006c7c00000, 0x000000076af80000)
  object space 112640K, 12% used [0x00000006c0e00000,0x00000006c1b55b18,0x00000006c7c00000)
 Metaspace       used 34680K, capacity 35242K, committed 35496K, reserved 1081344K
  class space    used 4367K, capacity 4486K, committed 4520K, reserved 1048576K
}
Event: 5.709 GC heap before
{Heap before GC invocations=10 (full 2):
 PSYoungGen      total 224768K, used 9543K [0x000000076af80000, 0x000000077c100000, 0x00000007c0000000)
  eden space 205824K, 0% used [0x000000076af80000,0x000000076af80000,0x0000000777880000)
  from space 18944K, 50% used [0x0000000778a80000,0x00000007793d1d18,0x0000000779d00000)
  to   space 18432K, 0% used [0x0000000777880000,0x0000000777880000,0x0000000778a80000)
 ParOldGen       total 112640K, used 13654K [0x00000006c0e00000, 0x00000006c7c00000, 0x000000076af80000)
  object space 112640K, 12% used [0x00000006c0e00000,0x00000006c1b55b18,0x00000006c7c00000)
 Metaspace       used 34680K, capacity 35242K, committed 35496K, reserved 1081344K
  class space    used 4367K, capacity 4486K, committed 4520K, reserved 1048576K
Event: 5.775 GC heap after
Heap after GC invocations=10 (full 2):
 PSYoungGen      total 224768K, used 0K [0x000000076af80000, 0x000000077c100000, 0x00000007c0000000)
  eden space 205824K, 0% used [0x000000076af80000,0x000000076af80000,0x0000000777880000)
  from space 18944K, 0% used [0x0000000778a80000,0x0000000778a80000,0x0000000779d00000)
  to   space 18432K, 0% used [0x0000000777880000,0x0000000777880000,0x0000000778a80000)
 ParOldGen       total 152576K, used 18393K [0x00000006c0e00000, 0x00000006ca300000, 0x000000076af80000)
  object space 152576K, 12% used [0x00000006c0e00000,0x00000006c1ff6670,0x00000006ca300000)
 Metaspace       used 34680K, capacity 35242K, committed 35496K, reserved 1081344K
  class space    used 4367K, capacity 4486K, committed 4520K, reserved 1048576K
}
Event: 6.905 GC heap before
{Heap before GC invocations=11 (full 2):
 PSYoungGen      total 224768K, used 205824K [0x000000076af80000, 0x000000077c100000, 0x00000007c0000000)
  eden space 205824K, 100% used [0x000000076af80000,0x0000000777880000,0x0000000777880000)
  from space 18944K, 0% used [0x0000000778a80000,0x0000000778a80000,0x0000000779d00000)
  to   space 18432K, 0% used [0x0000000777880000,0x0000000777880000,0x0000000778a80000)
 ParOldGen       total 152576K, used 18393K [0x00000006c0e00000, 0x00000006ca300000, 0x000000076af80000)
  object space 152576K, 12% used [0x00000006c0e00000,0x00000006c1ff6670,0x00000006ca300000)
 Metaspace       used 38740K, capacity 39368K, committed 39848K, reserved 1083392K
  class space    used 4816K, capacity 4939K, committed 5032K, reserved 1048576K
Event: 6.914 GC heap after
Heap after GC invocations=11 (full 2):
 PSYoungGen      total 224256K, used 11400K [0x000000076af80000, 0x000000077e780000, 0x00000007c0000000)
  eden space 205824K, 0% used [0x000000076af80000,0x000000076af80000,0x0000000777880000)
  from space 18432K, 61% used [0x0000000777880000,0x00000007783a2038,0x0000000778a80000)
  to   space 17920K, 0% used [0x000000077d600000,0x000000077d600000,0x000000077e780000)
 ParOldGen       total 152576K, used 18401K [0x00000006c0e00000, 0x00000006ca300000, 0x000000076af80000)
  object space 152576K, 12% used [0x00000006c0e00000,0x00000006c1ff8670,0x00000006ca300000)
 Metaspace       used 38740K, capacity 39368K, committed 39848K, reserved 1083392K
  class space    used 4816K, capacity 4939K, committed 5032K, reserved 1048576K
}
Event: 8.297 GC heap before
{Heap before GC invocations=12 (full 2):
 PSYoungGen      total 224256K, used 217224K [0x000000076af80000, 0x000000077e780000, 0x00000007c0000000)
  eden space 205824K, 100% used [0x000000076af80000,0x0000000777880000,0x0000000777880000)
  from space 18432K, 61% used [0x0000000777880000,0x00000007783a2038,0x0000000778a80000)
  to   space 17920K, 0% used [0x000000077d600000,0x000000077d600000,0x000000077e780000)
 ParOldGen       total 152576K, used 18401K [0x00000006c0e00000, 0x00000006ca300000, 0x000000076af80000)
  object space 152576K, 12% used [0x00000006c0e00000,0x00000006c1ff8670,0x00000006ca300000)
 Metaspace       used 40995K, capacity 41682K, committed 42152K, reserved 1085440K
  class space    used 5082K, capacity 5218K, committed 5288K, reserved 1048576K
Event: 8.311 GC heap after
Heap after GC invocations=12 (full 2):
 PSYoungGen      total 294400K, used 15622K [0x000000076af80000, 0x000000077e580000, 0x00000007c0000000)
  eden space 278528K, 0% used [0x000000076af80000,0x000000076af80000,0x000000077bf80000)
  from space 15872K, 98% used [0x000000077d600000,0x000000077e541970,0x000000077e580000)
  to   space 18944K, 0% used [0x000000077c080000,0x000000077c080000,0x000000077d300000)
 ParOldGen       total 152576K, used 18409K [0x00000006c0e00000, 0x00000006ca300000, 0x000000076af80000)
  object space 152576K, 12% used [0x00000006c0e00000,0x00000006c1ffa670,0x00000006ca300000)
 Metaspace       used 40995K, capacity 41682K, committed 42152K, reserved 1085440K
  class space    used 5082K, capacity 5218K, committed 5288K, reserved 1048576K
}

