# JRE version: Java(TM) SE Runtime Environment (8.0_181-b13) (build 1.8.0_181-b13)
# Java VM: Java HotSpot(TM) 64-Bit Server VM (25.181-b13 mixed mode windows-amd64 compressed oops)
Heap:
 PSYoungGen      total 241664K, used 12716K [0x000000076af80000, 0x000000077ac00000, 0x00000007c0000000)
  eden space 227840K, 5% used [0x000000076af80000,0x000000076bbeb238,0x0000000778e00000)
  from space 13824K, 0% used [0x0000000779100000,0x0000000779100000,0x0000000779e80000)
  to   space 10752K, 0% used [0x000000077a180000,0x000000077a180000,0x000000077ac00000)
 ParOldGen       total 146944K, used 32305K [0x00000006c0e00000, 0x00000006c9d80000, 0x000000076af80000)
  object space 146944K, 21% used [0x00000006c0e00000,0x00000006c2d8c628,0x00000006c9d80000)
 Metaspace       used 35855K, capacity 36478K, committed 36940K, reserved 1081344K
  class space    used 4500K, capacity 4616K, committed 4684K, reserved 1048576K
GC Heap History (10 events):
Event: 2.127 GC heap before
{Heap before GC invocations=5 (full 1):
 PSYoungGen      total 141824K, used 10049K [0x000000076af80000, 0x0000000774480000, 0x00000007c0000000)
  eden space 131072K, 0% used [0x000000076af80000,0x000000076af80000,0x0000000772f80000)
  from space 10752K, 93% used [0x0000000773a00000,0x00000007743d0630,0x0000000774480000)
  to   space 10752K, 0% used [0x0000000772f80000,0x0000000772f80000,0x0000000773a00000)
 ParOldGen       total 175104K, used 3239K [0x00000006c0e00000, 0x00000006cb900000, 0x000000076af80000)
  object space 175104K, 1% used [0x00000006c0e00000,0x00000006c1129c08,0x00000006cb900000)
 Metaspace       used 21073K, capacity 21460K, committed 21628K, reserved 1069056K
  class space    used 2626K, capacity 2699K, committed 2764K, reserved 1048576K
Event: 2.160 GC heap after
Heap after GC invocations=5 (full 1):
 PSYoungGen      total 141824K, used 0K [0x000000076af80000, 0x0000000774480000, 0x00000007c0000000)
  eden space 131072K, 0% used [0x000000076af80000,0x000000076af80000,0x0000000772f80000)
  from space 10752K, 0% used [0x0000000773a00000,0x0000000773a00000,0x0000000774480000)
  to   space 10752K, 0% used [0x0000000772f80000,0x0000000772f80000,0x0000000773a00000)
 ParOldGen       total 90624K, used 10233K [0x00000006c0e00000, 0x00000006c6680000, 0x000000076af80000)
  object space 90624K, 11% used [0x00000006c0e00000,0x00000006c17fe688,0x00000006c6680000)
 Metaspace       used 21073K, capacity 21460K, committed 21628K, reserved 1069056K
  class space    used 2626K, capacity 2699K, committed 2764K, reserved 1048576K
}
Event: 2.953 GC heap before
{Heap before GC invocations=6 (full 1):
 PSYoungGen      total 141824K, used 131072K [0x000000076af80000, 0x0000000774480000, 0x00000007c0000000)
  eden space 131072K, 100% used [0x000000076af80000,0x0000000772f80000,0x0000000772f80000)
  from space 10752K, 0% used [0x0000000773a00000,0x0000000773a00000,0x0000000774480000)
  to   space 10752K, 0% used [0x0000000772f80000,0x0000000772f80000,0x0000000773a00000)
 ParOldGen       total 90624K, used 10233K [0x00000006c0e00000, 0x00000006c6680000, 0x000000076af80000)
  object space 90624K, 11% used [0x00000006c0e00000,0x00000006c17fe688,0x00000006c6680000)
 Metaspace       used 24238K, capacity 24762K, committed 24908K, reserved 1071104K
  class space    used 3022K, capacity 3138K, committed 3148K, reserved 1048576K
Event: 2.961 GC heap after
Heap after GC invocations=6 (full 1):
 PSYoungGen      total 141824K, used 7634K [0x000000076af80000, 0x000000077af80000, 0x00000007c0000000)
  eden space 131072K, 0% used [0x000000076af80000,0x000000076af80000,0x0000000772f80000)
  from space 10752K, 71% used [0x0000000772f80000,0x00000007736f4938,0x0000000773a00000)
  to   space 14336K, 0% used [0x000000077a180000,0x000000077a180000,0x000000077af80000)
 ParOldGen       total 90624K, used 10241K [0x00000006c0e00000, 0x00000006c6680000, 0x000000076af80000)
  object space 90624K, 11% used [0x00000006c0e00000,0x00000006c1800688,0x00000006c6680000)
 Metaspace       used 24238K, capacity 24762K, committed 24908K, reserved 1071104K
  class space    used 3022K, capacity 3138K, committed 3148K, reserved 1048576K
}
Event: 4.151 GC heap before
{Heap before GC invocations=7 (full 1):
 PSYoungGen      total 141824K, used 138706K [0x000000076af80000, 0x000000077af80000, 0x00000007c0000000)
  eden space 131072K, 100% used [0x000000076af80000,0x0000000772f80000,0x0000000772f80000)
  from space 10752K, 71% used [0x0000000772f80000,0x00000007736f4938,0x0000000773a00000)
  to   space 14336K, 0% used [0x000000077a180000,0x000000077a180000,0x000000077af80000)
 ParOldGen       total 90624K, used 10241K [0x00000006c0e00000, 0x00000006c6680000, 0x000000076af80000)
  object space 90624K, 11% used [0x00000006c0e00000,0x00000006c1800688,0x00000006c6680000)
 Metaspace       used 30012K, capacity 30572K, committed 30796K, reserved 1077248K
  class space    used 3757K, capacity 3861K, committed 3916K, reserved 1048576K
Event: 4.161 GC heap after
Heap after GC invocations=7 (full 1):
 PSYoungGen      total 238592K, used 10401K [0x000000076af80000, 0x000000077ac00000, 0x00000007c0000000)
  eden space 227840K, 0% used [0x000000076af80000,0x000000076af80000,0x0000000778e00000)
  from space 10752K, 96% used [0x000000077a180000,0x000000077aba8620,0x000000077ac00000)
  to   space 13824K, 0% used [0x0000000779100000,0x0000000779100000,0x0000000779e80000)
 ParOldGen       total 90624K, used 10249K [0x00000006c0e00000, 0x00000006c6680000, 0x000000076af80000)
  object space 90624K, 11% used [0x00000006c0e00000,0x00000006c1802688,0x00000006c6680000)
 Metaspace       used 30012K, capacity 30572K, committed 30796K, reserved 1077248K
  class space    used 3757K, capacity 3861K, committed 3916K, reserved 1048576K
}
Event: 5.335 GC heap before
{Heap before GC invocations=8 (full 1):
 PSYoungGen      total 238592K, used 220607K [0x000000076af80000, 0x000000077ac00000, 0x00000007c0000000)
  eden space 227840K, 92% used [0x000000076af80000,0x0000000777cc7850,0x0000000778e00000)
  from space 10752K, 96% used [0x000000077a180000,0x000000077aba8620,0x000000077ac00000)
  to   space 13824K, 0% used [0x0000000779100000,0x0000000779100000,0x0000000779e80000)
 ParOldGen       total 90624K, used 10249K [0x00000006c0e00000, 0x00000006c6680000, 0x000000076af80000)
  object space 90624K, 11% used [0x00000006c0e00000,0x00000006c1802688,0x00000006c6680000)
 Metaspace       used 35228K, capacity 35774K, committed 36044K, reserved 1081344K
  class space    used 4422K, capacity 4552K, committed 4556K, reserved 1048576K
Event: 5.349 GC heap after
Heap after GC invocations=8 (full 1):
 PSYoungGen      total 241664K, used 13815K [0x000000076af80000, 0x000000077ac00000, 0x00000007c0000000)
  eden space 227840K, 0% used [0x000000076af80000,0x000000076af80000,0x0000000778e00000)
  from space 13824K, 99% used [0x0000000779100000,0x0000000779e7de48,0x0000000779e80000)
  to   space 10752K, 0% used [0x000000077a180000,0x000000077a180000,0x000000077ac00000)
 ParOldGen       total 90624K, used 19848K [0x00000006c0e00000, 0x00000006c6680000, 0x000000076af80000)
  object space 90624K, 21% used [0x00000006c0e00000,0x00000006c2162268,0x00000006c6680000)
 Metaspace       used 35228K, capacity 35774K, committed 36044K, reserved 1081344K
  class space    used 4422K, capacity 4552K, committed 4556K, reserved 1048576K
}
Event: 5.349 GC heap before
{Heap before GC invocations=9 (full 2):
 PSYoungGen      total 241664K, used 13815K [0x000000076af80000, 0x000000077ac00000, 0x00000007c0000000)
  eden space 227840K, 0% used [0x000000076af80000,0x000000076af80000,0x0000000778e00000)
  from space 13824K, 99% used [0x0000000779100000,0x0000000779e7de48,0x0000000779e80000)
  to   space 10752K, 0% used [0x000000077a180000,0x000000077a180000,0x000000077ac00000)
 ParOldGen       total 90624K, used 19848K [0x00000006c0e00000, 0x00000006c6680000, 0x000000076af80000)
  object space 90624K, 21% used [0x00000006c0e00000,0x00000006c2162268,0x00000006c6680000)
 Metaspace       used 35228K, capacity 35774K, committed 36044K, reserved 1081344K
  class space    used 4422K, capacity 4552K, committed 4556K, reserved 1048576K
Event: 5.441 GC heap after
Heap after GC invocations=9 (full 2):
 PSYoungGen      total 241664K, used 0K [0x000000076af80000, 0x000000077ac00000, 0x00000007c0000000)
  eden space 227840K, 0% used [0x000000076af80000,0x000000076af80000,0x0000000778e00000)
  from space 13824K, 0% used [0x0000000779100000,0x0000000779100000,0x0000000779e80000)
  to   space 10752K, 0% used [0x000000077a180000,0x000000077a180000,0x000000077ac00000)
 ParOldGen       total 146944K, used 32305K [0x00000006c0e00000, 0x00000006c9d80000, 0x000000076af80000)
  object space 146944K, 21% used [0x00000006c0e00000,0x00000006c2d8c628,0x00000006c9d80000)
 Metaspace       used 35228K, capacity 35774K, committed 36044K, reserved 1081344K
  class space    used 4422K, capacity 4552K, committed 4556K, reserved 1048576K
}

