# JRE version: Java(TM) SE Runtime Environment (8.0_181-b13) (build 1.8.0_181-b13)
# Java VM: Java HotSpot(TM) 64-Bit Server VM (25.181-b13 mixed mode windows-amd64 compressed oops)
Heap:
 PSYoungGen      total 218112K, used 125085K [0x000000076af80000, 0x0000000779c00000, 0x00000007c0000000)
  eden space 199680K, 53% used [0x000000076af80000,0x00000007717abbc8,0x0000000777280000)
  from space 18432K, 99% used [0x0000000777800000,0x00000007789fbbb8,0x0000000778a00000)
  to   space 10240K, 0% used [0x0000000779200000,0x0000000779200000,0x0000000779c00000)
 ParOldGen       total 112640K, used 56493K [0x00000006c0e00000, 0x00000006c7c00000, 0x000000076af80000)
  object space 112640K, 50% used [0x00000006c0e00000,0x00000006c452b5b0,0x00000006c7c00000)
 Metaspace       used 51892K, capacity 52640K, committed 53160K, reserved 1095680K
  class space    used 6407K, capacity 6560K, committed 6568K, reserved 1048576K
GC Heap History (10 events):
Event: 7.009 GC heap before
{Heap before GC invocations=11 (full 2):
 PSYoungGen      total 209920K, used 209643K [0x000000076af80000, 0x0000000779c00000, 0x00000007c0000000)
  eden space 199680K, 100% used [0x000000076af80000,0x0000000777280000,0x0000000777280000)
  from space 10240K, 97% used [0x0000000779200000,0x0000000779bbaf58,0x0000000779c00000)
  to   space 18432K, 0% used [0x0000000777800000,0x0000000777800000,0x0000000778a00000)
 ParOldGen       total 112640K, used 26924K [0x00000006c0e00000, 0x00000006c7c00000, 0x000000076af80000)
  object space 112640K, 23% used [0x00000006c0e00000,0x00000006c284b198,0x00000006c7c00000)
 Metaspace       used 40226K, capacity 40876K, committed 41256K, reserved 1085440K
  class space    used 4992K, capacity 5137K, committed 5160K, reserved 1048576K
Event: 7.020 GC heap after
Heap after GC invocations=11 (full 2):
 PSYoungGen      total 218112K, used 12094K [0x000000076af80000, 0x0000000779c00000, 0x00000007c0000000)
  eden space 199680K, 0% used [0x000000076af80000,0x000000076af80000,0x0000000777280000)
  from space 18432K, 65% used [0x0000000777800000,0x00000007783cf908,0x0000000778a00000)
  to   space 10240K, 0% used [0x0000000779200000,0x0000000779200000,0x0000000779c00000)
 ParOldGen       total 112640K, used 26932K [0x00000006c0e00000, 0x00000006c7c00000, 0x000000076af80000)
  object space 112640K, 23% used [0x00000006c0e00000,0x00000006c284d198,0x00000006c7c00000)
 Metaspace       used 40226K, capacity 40876K, committed 41256K, reserved 1085440K
  class space    used 4992K, capacity 5137K, committed 5160K, reserved 1048576K
}
Event: 8.020 GC heap before
{Heap before GC invocations=12 (full 2):
 PSYoungGen      total 218112K, used 211774K [0x000000076af80000, 0x0000000779c00000, 0x00000007c0000000)
  eden space 199680K, 100% used [0x000000076af80000,0x0000000777280000,0x0000000777280000)
  from space 18432K, 65% used [0x0000000777800000,0x00000007783cf908,0x0000000778a00000)
  to   space 10240K, 0% used [0x0000000779200000,0x0000000779200000,0x0000000779c00000)
 ParOldGen       total 112640K, used 26932K [0x00000006c0e00000, 0x00000006c7c00000, 0x000000076af80000)
  object space 112640K, 23% used [0x00000006c0e00000,0x00000006c284d198,0x00000006c7c00000)
 Metaspace       used 41850K, capacity 42554K, committed 43048K, reserved 1087488K
  class space    used 5196K, capacity 5354K, committed 5416K, reserved 1048576K
Event: 8.033 GC heap after
Heap after GC invocations=12 (full 2):
 PSYoungGen      total 209920K, used 10229K [0x000000076af80000, 0x0000000779c00000, 0x00000007c0000000)
  eden space 199680K, 0% used [0x000000076af80000,0x000000076af80000,0x0000000777280000)
  from space 10240K, 99% used [0x0000000779200000,0x0000000779bfd660,0x0000000779c00000)
  to   space 18432K, 0% used [0x0000000777800000,0x0000000777800000,0x0000000778a00000)
 ParOldGen       total 112640K, used 32891K [0x00000006c0e00000, 0x00000006c7c00000, 0x000000076af80000)
  object space 112640K, 29% used [0x00000006c0e00000,0x00000006c2e1ef90,0x00000006c7c00000)
 Metaspace       used 41850K, capacity 42554K, committed 43048K, reserved 1087488K
  class space    used 5196K, capacity 5354K, committed 5416K, reserved 1048576K
}
Event: 8.973 GC heap before
{Heap before GC invocations=13 (full 2):
 PSYoungGen      total 209920K, used 209909K [0x000000076af80000, 0x0000000779c00000, 0x00000007c0000000)
  eden space 199680K, 100% used [0x000000076af80000,0x0000000777280000,0x0000000777280000)
  from space 10240K, 99% used [0x0000000779200000,0x0000000779bfd660,0x0000000779c00000)
  to   space 18432K, 0% used [0x0000000777800000,0x0000000777800000,0x0000000778a00000)
 ParOldGen       total 112640K, used 32891K [0x00000006c0e00000, 0x00000006c7c00000, 0x000000076af80000)
  object space 112640K, 29% used [0x00000006c0e00000,0x00000006c2e1ef90,0x00000006c7c00000)
 Metaspace       used 43738K, capacity 44446K, committed 44840K, reserved 1089536K
  class space    used 5479K, capacity 5616K, committed 5672K, reserved 1048576K
Event: 8.990 GC heap after
Heap after GC invocations=13 (full 2):
 PSYoungGen      total 218112K, used 18426K [0x000000076af80000, 0x0000000779c00000, 0x00000007c0000000)
  eden space 199680K, 0% used [0x000000076af80000,0x000000076af80000,0x0000000777280000)
  from space 18432K, 99% used [0x0000000777800000,0x00000007789fe990,0x0000000778a00000)
  to   space 10240K, 0% used [0x0000000779200000,0x0000000779200000,0x0000000779c00000)
 ParOldGen       total 112640K, used 41385K [0x00000006c0e00000, 0x00000006c7c00000, 0x000000076af80000)
  object space 112640K, 36% used [0x00000006c0e00000,0x00000006c366a408,0x00000006c7c00000)
 Metaspace       used 43738K, capacity 44446K, committed 44840K, reserved 1089536K
  class space    used 5479K, capacity 5616K, committed 5672K, reserved 1048576K
}
Event: 9.795 GC heap before
{Heap before GC invocations=14 (full 2):
 PSYoungGen      total 218112K, used 218106K [0x000000076af80000, 0x0000000779c00000, 0x00000007c0000000)
  eden space 199680K, 100% used [0x000000076af80000,0x0000000777280000,0x0000000777280000)
  from space 18432K, 99% used [0x0000000777800000,0x00000007789fe990,0x0000000778a00000)
  to   space 10240K, 0% used [0x0000000779200000,0x0000000779200000,0x0000000779c00000)
 ParOldGen       total 112640K, used 41385K [0x00000006c0e00000, 0x00000006c7c00000, 0x000000076af80000)
  object space 112640K, 36% used [0x00000006c0e00000,0x00000006c366a408,0x00000006c7c00000)
 Metaspace       used 44818K, capacity 45572K, committed 45992K, reserved 1089536K
  class space    used 5613K, capacity 5777K, committed 5800K, reserved 1048576K
Event: 9.813 GC heap after
Heap after GC invocations=14 (full 2):
 PSYoungGen      total 209920K, used 10213K [0x000000076af80000, 0x0000000779c00000, 0x00000007c0000000)
  eden space 199680K, 0% used [0x000000076af80000,0x000000076af80000,0x0000000777280000)
  from space 10240K, 99% used [0x0000000779200000,0x0000000779bf9650,0x0000000779c00000)
  to   space 18432K, 0% used [0x0000000777800000,0x0000000777800000,0x0000000778a00000)
 ParOldGen       total 112640K, used 54281K [0x00000006c0e00000, 0x00000006c7c00000, 0x000000076af80000)
  object space 112640K, 48% used [0x00000006c0e00000,0x00000006c4302790,0x00000006c7c00000)
 Metaspace       used 44818K, capacity 45572K, committed 45992K, reserved 1089536K
  class space    used 5613K, capacity 5777K, committed 5800K, reserved 1048576K
}
Event: 10.797 GC heap before
{Heap before GC invocations=15 (full 2):
 PSYoungGen      total 209920K, used 209893K [0x000000076af80000, 0x0000000779c00000, 0x00000007c0000000)
  eden space 199680K, 100% used [0x000000076af80000,0x0000000777280000,0x0000000777280000)
  from space 10240K, 99% used [0x0000000779200000,0x0000000779bf9650,0x0000000779c00000)
  to   space 18432K, 0% used [0x0000000777800000,0x0000000777800000,0x0000000778a00000)
 ParOldGen       total 112640K, used 54281K [0x00000006c0e00000, 0x00000006c7c00000, 0x000000076af80000)
  object space 112640K, 48% used [0x00000006c0e00000,0x00000006c4302790,0x00000006c7c00000)
 Metaspace       used 47138K, capacity 47834K, committed 48424K, reserved 1091584K
  class space    used 5949K, capacity 6074K, committed 6184K, reserved 1048576K
Event: 10.819 GC heap after
Heap after GC invocations=15 (full 2):
 PSYoungGen      total 218112K, used 18414K [0x000000076af80000, 0x0000000779c00000, 0x00000007c0000000)
  eden space 199680K, 0% used [0x000000076af80000,0x000000076af80000,0x0000000777280000)
  from space 18432K, 99% used [0x0000000777800000,0x00000007789fbbb8,0x0000000778a00000)
  to   space 10240K, 0% used [0x0000000779200000,0x0000000779200000,0x0000000779c00000)
 ParOldGen       total 112640K, used 56493K [0x00000006c0e00000, 0x00000006c7c00000, 0x000000076af80000)
  object space 112640K, 50% used [0x00000006c0e00000,0x00000006c452b5b0,0x00000006c7c00000)
 Metaspace       used 47138K, capacity 47834K, committed 48424K, reserved 1091584K
  class space    used 5949K, capacity 6074K, committed 6184K, reserved 1048576K
}

